<?xml version="1.0" encoding="UTF-8"?>
<testsuite xmlns:xsi="http://www.w3.org/2001/XMLSchema-instance" xsi:noNamespaceSchemaLocation="https://maven.apache.org/surefire/maven-surefire-plugin/xsd/surefire-test-report-3.0.xsd" version="3.0" name="com.techrekt.connor.fibonacci.FibonacciApplicationTests" time="1.922" tests="1" errors="0" skipped="0" failures="0">
  <properties>
[...]
</properties>
  <testcase name="contextLoads" classname="com.techrekt.connor.fibonacci.FibonacciApplicationTests" time="0.619">
    <system-out><![CDATA[Standard Commons Logging discovery in action with spring-jcl: please remove commons-logging.jar from classpath in order to avoid potential conflicts
21:12:38.570 [main] INFO org.springframework.test.context.support.AnnotationConfigContextLoaderUtils -- Could not detect default configuration classes for test class [com.techrekt.connor.fibonacci.FibonacciApplicationTests]: FibonacciApplicationTests does not declare any static, non-private, non-final, nested classes annotated with @Configuration.
21:12:38.643 [main] INFO org.springframework.boot.test.context.SpringBootTestContextBootstrapper -- Found @SpringBootConfiguration com.techrekt.connor.fibonacci.FibonacciApplication for test class com.techrekt.connor.fibonacci.FibonacciApplicationTests

  .   ____          _            __ _ _
 /\\ / ___'_ __ _ _(_)_ __  __ _ \ \ \ \
( ( )\___ | '_ | '_| | '_ \/ _` | \ \ \ \
 \\/  ___)| |_)| | | | | || (_| |  ) ) ) )
  '  |____| .__|_| |_|_| |_\__, | / / / /
 =========|_|==============|___/=/_/_/_/
 :: Spring Boot ::                (v3.2.0)

2023-12-22T21:12:38.901-05:00  INFO 1279604 --- [           main] c.t.c.f.FibonacciApplicationTests        : Starting FibonacciApplicationTests using Java 17.0.9 with PID 1279604 (started by connor in /home/connor/Development/ExampleProject/backEnd/fibonacci)
2023-12-22T21:12:38.903-05:00  INFO 1279604 --- [           main] c.t.c.f.FibonacciApplicationTests        : No active profile set, falling back to 1 default profile: "default"
2023-12-22T21:12:39.541-05:00  INFO 1279604 --- [           main] o.s.b.a.w.s.WelcomePageHandlerMapping    : Adding welcome page: class path resource [public/index.html]
2023-12-22T21:12:39.743-05:00  INFO 1279604 --- [           main] c.t.c.f.FibonacciApplicationTests        : Started FibonacciApplicationTests in 1.01 seconds (process running for 1.687)
]]></system-out>
  </testcase>
</testsuite>